[     926ms] [ERROR] Failed to load resource: the server responded with a status of 400 (Bad Request) @ http://localhost:3000/_next/image?url=https%3A%2F%2Fbfizqdyngujjdmaaoggg.supabase.co%2Fstorage%2Fv1%2Fobject%2Fpublic%2Frental_items%2Fitems%2F1766268952992-k23ie2550q.webp&w=1200&q=75:0
[    1120ms] [ERROR] Failed to load resource: the server responded with a status of 400 (Bad Request) @ http://localhost:3000/_next/image?url=https%3A%2F%2Fbfizqdyngujjdmaaoggg.supabase.co%2Fstorage%2Fv1%2Fobject%2Fpublic%2Frental_items%2Fitems%2F1766268957480-ceugxzeyr2.webp&w=128&q=75:0
[    1121ms] [ERROR] Failed to load resource: the server responded with a status of 400 (Bad Request) @ http://localhost:3000/_next/image?url=https%3A%2F%2Fbfizqdyngujjdmaaoggg.supabase.co%2Fstorage%2Fv1%2Fobject%2Fpublic%2Frental_items%2Fitems%2F1766268952992-k23ie2550q.webp&w=128&q=75:0
[    1122ms] [ERROR] Failed to load resource: the server responded with a status of 400 (Bad Request) @ http://localhost:3000/_next/image?url=https%3A%2F%2Fbfizqdyngujjdmaaoggg.supabase.co%2Fstorage%2Fv1%2Fobject%2Fpublic%2Frental_items%2Fitems%2F1766268969007-92mwcvaa4jg.webp&w=128&q=75:0
[    1122ms] [ERROR] Failed to load resource: the server responded with a status of 400 (Bad Request) @ http://localhost:3000/_next/image?url=https%3A%2F%2Fbfizqdyngujjdmaaoggg.supabase.co%2Fstorage%2Fv1%2Fobject%2Fpublic%2Frental_items%2Fitems%2F1766268961059-m6a54ocm8z.webp&w=128&q=75:0
[    1128ms] [ERROR] Failed to load resource: the server responded with a status of 400 (Bad Request) @ http://localhost:3000/_next/image?url=https%3A%2F%2Fbfizqdyngujjdmaaoggg.supabase.co%2Fstorage%2Fv1%2Fobject%2Fpublic%2Frental_items%2Fitems%2F1766268972475-k90eod6okc8.webp&w=128&q=75:0
[    1376ms] [ERROR] Failed to load resource: the server responded with a status of 400 (Bad Request) @ http://localhost:3000/_next/image?url=https%3A%2F%2Fbfizqdyngujjdmaaoggg.supabase.co%2Fstorage%2Fv1%2Fobject%2Fpublic%2Frental_items%2Fitems%2F1766270988742-burxd83da9.webp&w=640&q=75:0
[    1378ms] [ERROR] Failed to load resource: the server responded with a status of 400 (Bad Request) @ http://localhost:3000/_next/image?url=https%3A%2F%2Fbfizqdyngujjdmaaoggg.supabase.co%2Fstorage%2Fv1%2Fobject%2Fpublic%2Frental_items%2Fitems%2F1766269038378-b742d6a527g.webp&w=640&q=75:0
[   43986ms] [ERROR] Failed to load resource: the server responded with a status of 400 (Bad Request) @ http://localhost:3000/_next/image?url=https%3A%2F%2Fbfizqdyngujjdmaaoggg.supabase.co%2Fstorage%2Fv1%2Fobject%2Fpublic%2Frental_items%2Fitems%2F1766268952992-k23ie2550q.webp&w=128&q=75:0
[   43986ms] [ERROR] Failed to load resource: the server responded with a status of 400 (Bad Request) @ http://localhost:3000/_next/image?url=https%3A%2F%2Fbfizqdyngujjdmaaoggg.supabase.co%2Fstorage%2Fv1%2Fobject%2Fpublic%2Frental_items%2Fitems%2F1766268952992-k23ie2550q.webp&w=1200&q=75:0
[   43986ms] [ERROR] Failed to load resource: the server responded with a status of 400 (Bad Request) @ http://localhost:3000/_next/image?url=https%3A%2F%2Fbfizqdyngujjdmaaoggg.supabase.co%2Fstorage%2Fv1%2Fobject%2Fpublic%2Frental_items%2Fitems%2F1766268961059-m6a54ocm8z.webp&w=128&q=75:0
[   43986ms] [ERROR] Failed to load resource: the server responded with a status of 400 (Bad Request) @ http://localhost:3000/_next/image?url=https%3A%2F%2Fbfizqdyngujjdmaaoggg.supabase.co%2Fstorage%2Fv1%2Fobject%2Fpublic%2Frental_items%2Fitems%2F1766268957480-ceugxzeyr2.webp&w=128&q=75:0
[   43987ms] [ERROR] Failed to load resource: the server responded with a status of 400 (Bad Request) @ http://localhost:3000/_next/image?url=https%3A%2F%2Fbfizqdyngujjdmaaoggg.supabase.co%2Fstorage%2Fv1%2Fobject%2Fpublic%2Frental_items%2Fitems%2F1766268969007-92mwcvaa4jg.webp&w=128&q=75:0
[   43989ms] [ERROR] Failed to load resource: the server responded with a status of 400 (Bad Request) @ http://localhost:3000/_next/image?url=https%3A%2F%2Fbfizqdyngujjdmaaoggg.supabase.co%2Fstorage%2Fv1%2Fobject%2Fpublic%2Frental_items%2Fitems%2F1766268972475-k90eod6okc8.webp&w=128&q=75:0
[   44405ms] [ERROR] Failed to load resource: the server responded with a status of 400 (Bad Request) @ http://localhost:3000/_next/image?url=https%3A%2F%2Fbfizqdyngujjdmaaoggg.supabase.co%2Fstorage%2Fv1%2Fobject%2Fpublic%2Frental_items%2Fitems%2F1766270988742-burxd83da9.webp&w=640&q=75:0
[   44406ms] [ERROR] Failed to load resource: the server responded with a status of 400 (Bad Request) @ http://localhost:3000/_next/image?url=https%3A%2F%2Fbfizqdyngujjdmaaoggg.supabase.co%2Fstorage%2Fv1%2Fobject%2Fpublic%2Frental_items%2Fitems%2F1766269038378-b742d6a527g.webp&w=640&q=75:0
[   54138ms] [ERROR] WebSocket connection to 'ws://localhost:3000/_next/webpack-hmr?id=vxT4EGaizRmM-mdyWEksO' failed: Error in connection establishment: net::ERR_CONNECTION_REFUSED @ http://localhost:3000/_next/static/chunks/node_modules_next_dist_client_17643121._.js:10876
[   55140ms] [ERROR] WebSocket connection to 'ws://localhost:3000/_next/webpack-hmr?id=vxT4EGaizRmM-mdyWEksO' failed: Error in connection establishment: net::ERR_CONNECTION_REFUSED @ http://localhost:3000/_next/static/chunks/node_modules_next_dist_client_17643121._.js:10876
[   56143ms] [ERROR] WebSocket connection to 'ws://localhost:3000/_next/webpack-hmr?id=vxT4EGaizRmM-mdyWEksO' failed: Error in connection establishment: net::ERR_CONNECTION_REFUSED @ http://localhost:3000/_next/static/chunks/node_modules_next_dist_client_17643121._.js:10876
[   57145ms] [ERROR] WebSocket connection to 'ws://localhost:3000/_next/webpack-hmr?id=vxT4EGaizRmM-mdyWEksO' failed: Error in connection establishment: net::ERR_CONNECTION_REFUSED @ http://localhost:3000/_next/static/chunks/node_modules_next_dist_client_17643121._.js:10876
[   58151ms] [ERROR] WebSocket connection to 'ws://localhost:3000/_next/webpack-hmr?id=vxT4EGaizRmM-mdyWEksO' failed: Error in connection establishment: net::ERR_CONNECTION_REFUSED @ http://localhost:3000/_next/static/chunks/node_modules_next_dist_client_17643121._.js:10876
[   63157ms] [ERROR] WebSocket connection to 'ws://localhost:3000/_next/webpack-hmr?id=vxT4EGaizRmM-mdyWEksO' failed: Error in connection establishment: net::ERR_CONNECTION_REFUSED @ http://localhost:3000/_next/static/chunks/node_modules_next_dist_client_17643121._.js:10876
[   69250ms] [ERROR] Failed to load resource: the server responded with a status of 400 (Bad Request) @ http://localhost:3000/_next/image?url=https%3A%2F%2Fbfizqdyngujjdmaaoggg.supabase.co%2Fstorage%2Fv1%2Fobject%2Fpublic%2Frental_items%2Fitems%2F1766268952992-k23ie2550q.webp&w=1200&q=75:0
[   69259ms] [ERROR] Failed to load resource: the server responded with a status of 400 (Bad Request) @ http://localhost:3000/_next/image?url=https%3A%2F%2Fbfizqdyngujjdmaaoggg.supabase.co%2Fstorage%2Fv1%2Fobject%2Fpublic%2Frental_items%2Fitems%2F1766268952992-k23ie2550q.webp&w=128&q=75:0
[   69261ms] [ERROR] Failed to load resource: the server responded with a status of 400 (Bad Request) @ http://localhost:3000/_next/image?url=https%3A%2F%2Fbfizqdyngujjdmaaoggg.supabase.co%2Fstorage%2Fv1%2Fobject%2Fpublic%2Frental_items%2Fitems%2F1766268957480-ceugxzeyr2.webp&w=128&q=75:0
[   69261ms] [ERROR] Failed to load resource: the server responded with a status of 400 (Bad Request) @ http://localhost:3000/_next/image?url=https%3A%2F%2Fbfizqdyngujjdmaaoggg.supabase.co%2Fstorage%2Fv1%2Fobject%2Fpublic%2Frental_items%2Fitems%2F1766268961059-m6a54ocm8z.webp&w=128&q=75:0
[   69263ms] [ERROR] Failed to load resource: the server responded with a status of 400 (Bad Request) @ http://localhost:3000/_next/image?url=https%3A%2F%2Fbfizqdyngujjdmaaoggg.supabase.co%2Fstorage%2Fv1%2Fobject%2Fpublic%2Frental_items%2Fitems%2F1766268969007-92mwcvaa4jg.webp&w=128&q=75:0
[   69269ms] [ERROR] Failed to load resource: the server responded with a status of 400 (Bad Request) @ http://localhost:3000/_next/image?url=https%3A%2F%2Fbfizqdyngujjdmaaoggg.supabase.co%2Fstorage%2Fv1%2Fobject%2Fpublic%2Frental_items%2Fitems%2F1766268972475-k90eod6okc8.webp&w=128&q=75:0
[   69569ms] [ERROR] Failed to load resource: the server responded with a status of 400 (Bad Request) @ http://localhost:3000/_next/image?url=https%3A%2F%2Fbfizqdyngujjdmaaoggg.supabase.co%2Fstorage%2Fv1%2Fobject%2Fpublic%2Frental_items%2Fitems%2F1766269038378-b742d6a527g.webp&w=640&q=75:0
[   69570ms] [ERROR] Failed to load resource: the server responded with a status of 400 (Bad Request) @ http://localhost:3000/_next/image?url=https%3A%2F%2Fbfizqdyngujjdmaaoggg.supabase.co%2Fstorage%2Fv1%2Fobject%2Fpublic%2Frental_items%2Fitems%2F1766270988742-burxd83da9.webp&w=640&q=75:0
[   92423ms] [WARNING] Image with src "https://bfizqdyngujjdmaaoggg.supabase.co/storage/v1/object/public/rental_items/items/1766268952992-k23ie2550q.webp" was detected as the Largest Contentful Paint (LCP). Please add the `loading="eager"` property if this image is above the fold.
Read more: https://nextjs.org/docs/app/api-reference/components/image#loading @ http://localhost:3000/_next/static/chunks/node_modules_next_dist_f3530cac._.js:2297
[  130100ms] [ERROR] WebSocket connection to 'ws://localhost:3000/_next/webpack-hmr?id=hJkU17gUb8d6hmcw694dI' failed: Error in connection establishment: net::ERR_CONNECTION_REFUSED @ http://localhost:3000/_next/static/chunks/node_modules_next_dist_client_17643121._.js:10876
[  131103ms] [ERROR] WebSocket connection to 'ws://localhost:3000/_next/webpack-hmr?id=hJkU17gUb8d6hmcw694dI' failed: Error in connection establishment: net::ERR_CONNECTION_REFUSED @ http://localhost:3000/_next/static/chunks/node_modules_next_dist_client_17643121._.js:10876
[  132106ms] [ERROR] WebSocket connection to 'ws://localhost:3000/_next/webpack-hmr?id=hJkU17gUb8d6hmcw694dI' failed: Error in connection establishment: net::ERR_CONNECTION_REFUSED @ http://localhost:3000/_next/static/chunks/node_modules_next_dist_client_17643121._.js:10876
[  133109ms] [ERROR] WebSocket connection to 'ws://localhost:3000/_next/webpack-hmr?id=hJkU17gUb8d6hmcw694dI' failed: Error in connection establishment: net::ERR_CONNECTION_REFUSED @ http://localhost:3000/_next/static/chunks/node_modules_next_dist_client_17643121._.js:10876
[  134111ms] [ERROR] WebSocket connection to 'ws://localhost:3000/_next/webpack-hmr?id=hJkU17gUb8d6hmcw694dI' failed: Error in connection establishment: net::ERR_CONNECTION_REFUSED @ http://localhost:3000/_next/static/chunks/node_modules_next_dist_client_17643121._.js:10876
[  142107ms] [WARNING] Image with src "https://bfizqdyngujjdmaaoggg.supabase.co/storage/v1/object/public/rental_items/items/1766268952992-k23ie2550q.webp" was detected as the Largest Contentful Paint (LCP). Please add the `loading="eager"` property if this image is above the fold.
Read more: https://nextjs.org/docs/app/api-reference/components/image#loading @ http://localhost:3000/_next/static/chunks/node_modules_next_dist_f3530cac._.js:2297
